{"C:\\Users\\marcr\\Desktop\\repos\\_assessments\\breakitdown\\server\\api.js": {"path":"C:\\Users\\marcr\\Desktop\\repos\\_assessments\\breakitdown\\server\\api.js","statementMap":{"0":{"start":{"line":1,"column":0},"end":{"line":1,"column":46}},"1":{"start":{"line":2,"column":0},"end":{"line":2,"column":27}},"2":{"start":{"line":10,"column":25},"end":{"line":10,"column":90}},"3":{"start":{"line":11,"column":8},"end":{"line":11,"column":35}},"4":{"start":{"line":11,"column":23},"end":{"line":11,"column":35}},"5":{"start":{"line":14,"column":21},"end":{"line":14,"column":61}},"6":{"start":{"line":17,"column":8},"end":{"line":17,"column":20}},"7":{"start":{"line":22,"column":19},"end":{"line":24,"column":6}},"8":{"start":{"line":26,"column":4},"end":{"line":43,"column":5}},"9":{"start":{"line":27,"column":25},"end":{"line":35,"column":10}},"10":{"start":{"line":38,"column":8},"end":{"line":38,"column":24}},"11":{"start":{"line":40,"column":8},"end":{"line":40,"column":63}},"12":{"start":{"line":42,"column":8},"end":{"line":42,"column":20}},"13":{"start":{"line":49,"column":26},"end":{"line":49,"column":152}},"14":{"start":{"line":49,"column":60},"end":{"line":49,"column":109}},"15":{"start":{"line":49,"column":127},"end":{"line":49,"column":151}},"16":{"start":{"line":51,"column":26},"end":{"line":51,"column":77}},"17":{"start":{"line":51,"column":54},"end":{"line":51,"column":76}},"18":{"start":{"line":53,"column":4},"end":{"line":53,"column":25}},"19":{"start":{"line":57,"column":0},"end":{"line":57,"column":33}}},"fnMap":{"0":{"name":"getDataFromOpenAI","decl":{"start":{"line":8,"column":15},"end":{"line":8,"column":32}},"loc":{"start":{"line":8,"column":41},"end":{"line":18,"column":2}}},"1":{"name":"requestDataFromOpenAI","decl":{"start":{"line":21,"column":15},"end":{"line":21,"column":36}},"loc":{"start":{"line":21,"column":60},"end":{"line":44,"column":2}}},"2":{"name":"formatResponse","decl":{"start":{"line":47,"column":9},"end":{"line":47,"column":23}},"loc":{"start":{"line":47,"column":33},"end":{"line":54,"column":1}}},"3":{"name":"(anonymous_13)","decl":{"start":{"line":49,"column":51},"end":{"line":49,"column":52}},"loc":{"start":{"line":49,"column":60},"end":{"line":49,"column":109}}},"4":{"name":"(anonymous_14)","decl":{"start":{"line":49,"column":118},"end":{"line":49,"column":119}},"loc":{"start":{"line":49,"column":127},"end":{"line":49,"column":151}}},"5":{"name":"(anonymous_15)","decl":{"start":{"line":51,"column":44},"end":{"line":51,"column":45}},"loc":{"start":{"line":51,"column":52},"end":{"line":51,"column":76}}}},"branchMap":{"0":{"loc":{"start":{"line":11,"column":8},"end":{"line":11,"column":35}},"type":"if","locations":[{"start":{"line":11,"column":8},"end":{"line":11,"column":35}}]},"1":{"loc":{"start":{"line":21,"column":44},"end":{"line":21,"column":60}},"type":"default-arg","locations":[{"start":{"line":21,"column":56},"end":{"line":21,"column":60}}]},"2":{"loc":{"start":{"line":49,"column":127},"end":{"line":49,"column":151}},"type":"binary-expr","locations":[{"start":{"line":49,"column":127},"end":{"line":49,"column":138}},{"start":{"line":49,"column":142},"end":{"line":49,"column":151}}]}},"s":{"0":1,"1":1,"2":0,"3":0,"4":0,"5":0,"6":0,"7":0,"8":0,"9":0,"10":0,"11":0,"12":0,"13":0,"14":0,"15":0,"16":0,"17":0,"18":0,"19":1},"f":{"0":0,"1":0,"2":0,"3":0,"4":0,"5":0},"b":{"0":[0],"1":[0],"2":[0,0]}}
,"C:\\Users\\marcr\\Desktop\\repos\\_assessments\\breakitdown\\server\\controllers\\controller.js": {"path":"C:\\Users\\marcr\\Desktop\\repos\\_assessments\\breakitdown\\server\\controllers\\controller.js","statementMap":{"0":{"start":{"line":1,"column":0},"end":{"line":1,"column":41}},"1":{"start":{"line":2,"column":0},"end":{"line":2,"column":37}},"2":{"start":{"line":7,"column":2},"end":{"line":14,"column":1}},"3":{"start":{"line":8,"column":17},"end":{"line":8,"column":50}},"4":{"start":{"line":9,"column":4},"end":{"line":9,"column":null}},"5":{"start":{"line":10,"column":4},"end":{"line":10,"column":19}},"6":{"start":{"line":12,"column":4},"end":{"line":12,"column":59}},"7":{"start":{"line":13,"column":4},"end":{"line":13,"column":24}},"8":{"start":{"line":4,"column":0},"end":{"line":4,"column":22}},"9":{"start":{"line":18,"column":2},"end":{"line":28,"column":1}},"10":{"start":{"line":19,"column":23},"end":{"line":19,"column":31}},"11":{"start":{"line":21,"column":21},"end":{"line":21,"column":48}},"12":{"start":{"line":23,"column":4},"end":{"line":23,"column":20}},"13":{"start":{"line":24,"column":4},"end":{"line":24,"column":23}},"14":{"start":{"line":26,"column":4},"end":{"line":26,"column":28}},"15":{"start":{"line":27,"column":4},"end":{"line":27,"column":24}},"16":{"start":{"line":17,"column":0},"end":{"line":17,"column":22}},"17":{"start":{"line":32,"column":4},"end":{"line":39,"column":5}},"18":{"start":{"line":33,"column":25},"end":{"line":33,"column":42}},"19":{"start":{"line":34,"column":8},"end":{"line":34,"column":24}},"20":{"start":{"line":35,"column":8},"end":{"line":35,"column":27}},"21":{"start":{"line":37,"column":8},"end":{"line":37,"column":32}},"22":{"start":{"line":38,"column":8},"end":{"line":38,"column":24}},"23":{"start":{"line":31,"column":0},"end":{"line":31,"column":22}},"24":{"start":{"line":43,"column":4},"end":{"line":50,"column":5}},"25":{"start":{"line":44,"column":25},"end":{"line":44,"column":62}},"26":{"start":{"line":46,"column":8},"end":{"line":46,"column":24}},"27":{"start":{"line":47,"column":8},"end":{"line":47,"column":27}},"28":{"start":{"line":49,"column":8},"end":{"line":49,"column":null}},"29":{"start":{"line":42,"column":0},"end":{"line":42,"column":22}},"30":{"start":{"line":54,"column":15},"end":{"line":54,"column":26}},"31":{"start":{"line":55,"column":19},"end":{"line":55,"column":37}},"32":{"start":{"line":57,"column":4},"end":{"line":75,"column":5}},"33":{"start":{"line":58,"column":25},"end":{"line":68,"column":null}},"34":{"start":{"line":71,"column":8},"end":{"line":71,"column":24}},"35":{"start":{"line":72,"column":8},"end":{"line":72,"column":27}},"36":{"start":{"line":74,"column":8},"end":{"line":74,"column":null}},"37":{"start":{"line":53,"column":0},"end":{"line":53,"column":22}}},"fnMap":{"0":{"name":"getDataFromAPI","decl":{"start":{"line":4,"column":22},"end":{"line":4,"column":36}},"loc":{"start":{"line":4,"column":46},"end":{"line":15,"column":null}}},"1":{"name":"postProject","decl":{"start":{"line":17,"column":22},"end":{"line":17,"column":33}},"loc":{"start":{"line":17,"column":43},"end":{"line":29,"column":null}}},"2":{"name":"getProjects","decl":{"start":{"line":31,"column":22},"end":{"line":31,"column":33}},"loc":{"start":{"line":31,"column":43},"end":{"line":40,"column":null}}},"3":{"name":"deleteProject","decl":{"start":{"line":42,"column":22},"end":{"line":42,"column":35}},"loc":{"start":{"line":42,"column":45},"end":{"line":51,"column":null}}},"4":{"name":"setAsCompleted","decl":{"start":{"line":53,"column":22},"end":{"line":53,"column":36}},"loc":{"start":{"line":53,"column":46},"end":{"line":76,"column":null}}}},"branchMap":{},"s":{"0":1,"1":1,"2":0,"3":0,"4":0,"5":0,"6":0,"7":0,"8":1,"9":0,"10":0,"11":0,"12":0,"13":0,"14":0,"15":0,"16":1,"17":0,"18":0,"19":0,"20":0,"21":0,"22":0,"23":1,"24":0,"25":0,"26":0,"27":0,"28":0,"29":1,"30":0,"31":0,"32":0,"33":0,"34":0,"35":0,"36":0,"37":1},"f":{"0":0,"1":0,"2":0,"3":0,"4":0},"b":{}}
,"C:\\Users\\marcr\\Desktop\\repos\\_assessments\\breakitdown\\server\\models\\index.js": {"path":"C:\\Users\\marcr\\Desktop\\repos\\_assessments\\breakitdown\\server\\models\\index.js","statementMap":{"0":{"start":{"line":1,"column":0},"end":{"line":1,"column":32}},"1":{"start":{"line":2,"column":0},"end":{"line":2,"column":43}},"2":{"start":{"line":4,"column":0},"end":{"line":4,"column":40}},"3":{"start":{"line":4,"column":22},"end":{"line":4,"column":38}},"4":{"start":{"line":7,"column":4},"end":{"line":7,"column":61}},"5":{"start":{"line":12,"column":13},"end":{"line":12,"column":null}}},"fnMap":{"0":{"name":"(anonymous_8)","decl":{"start":{"line":4,"column":13},"end":{"line":4,"column":14}},"loc":{"start":{"line":4,"column":22},"end":{"line":4,"column":38}}},"1":{"name":"main","decl":{"start":{"line":6,"column":15},"end":{"line":6,"column":19}},"loc":{"start":{"line":6,"column":19},"end":{"line":9,"column":null}}}},"branchMap":{},"s":{"0":1,"1":1,"2":1,"3":0,"4":1,"5":1},"f":{"0":0,"1":1},"b":{}}
,"C:\\Users\\marcr\\Desktop\\repos\\_assessments\\breakitdown\\server\\models\\schemas.js": {"path":"C:\\Users\\marcr\\Desktop\\repos\\_assessments\\breakitdown\\server\\models\\schemas.js","statementMap":{"0":{"start":{"line":1,"column":0},"end":{"line":1,"column":31}},"1":{"start":{"line":3,"column":19},"end":{"line":9,"column":2}},"2":{"start":{"line":11,"column":13},"end":{"line":17,"column":null}}},"fnMap":{},"branchMap":{},"s":{"0":1,"1":1,"2":1},"f":{},"b":{}}
}
