TN:
SF:api.js
FN:8,getDataFromOpenAI
FN:21,requestDataFromOpenAI
FN:47,formatResponse
FN:49,(anonymous_13)
FN:49,(anonymous_14)
FN:51,(anonymous_15)
FNF:6
FNH:0
FNDA:0,getDataFromOpenAI
FNDA:0,requestDataFromOpenAI
FNDA:0,formatResponse
FNDA:0,(anonymous_13)
FNDA:0,(anonymous_14)
FNDA:0,(anonymous_15)
DA:1,1
DA:2,1
DA:10,0
DA:11,0
DA:14,0
DA:17,0
DA:22,0
DA:26,0
DA:27,0
DA:38,0
DA:40,0
DA:42,0
DA:49,0
DA:51,0
DA:53,0
DA:57,1
LF:16
LH:3
BRDA:11,0,0,0
BRDA:21,1,0,0
BRDA:49,2,0,0
BRDA:49,2,1,0
BRF:4
BRH:0
end_of_record
TN:
SF:controllers\controller.js
FN:4,getDataFromAPI
FN:17,postProject
FN:31,getProjects
FN:42,deleteProject
FN:53,setAsCompleted
FNF:5
FNH:0
FNDA:0,getDataFromAPI
FNDA:0,postProject
FNDA:0,getProjects
FNDA:0,deleteProject
FNDA:0,setAsCompleted
DA:1,1
DA:2,1
DA:4,1
DA:7,0
DA:8,0
DA:9,0
DA:10,0
DA:12,0
DA:13,0
DA:17,1
DA:18,0
DA:19,0
DA:21,0
DA:23,0
DA:24,0
DA:26,0
DA:27,0
DA:31,1
DA:32,0
DA:33,0
DA:34,0
DA:35,0
DA:37,0
DA:38,0
DA:42,1
DA:43,0
DA:44,0
DA:46,0
DA:47,0
DA:49,0
DA:53,1
DA:54,0
DA:55,0
DA:57,0
DA:58,0
DA:71,0
DA:72,0
DA:74,0
LF:38
LH:7
BRF:0
BRH:0
end_of_record
TN:
SF:models\index.js
FN:4,(anonymous_8)
FN:6,main
FNF:2
FNH:1
FNDA:0,(anonymous_8)
FNDA:1,main
DA:1,1
DA:2,1
DA:4,1
DA:7,1
DA:12,1
LF:5
LH:5
BRF:0
BRH:0
end_of_record
TN:
SF:models\schemas.js
FNF:0
FNH:0
DA:1,1
DA:3,1
DA:11,1
LF:3
LH:3
BRF:0
BRH:0
end_of_record
